 INFO   [ LINE 248 : __init__.py : InitializeFromParser ]
	IK_COLLECTION :: NO_ROBOT robotfiles/barretthand.kinbody.xml

 INFO   [ LINE 988 : inversekinematics.py : generate ]
	IK_COLLECTION :: WRONG_IKTYPE robotfiles/barretthand.robot.xml

 INFO   [ LINE 988 : inversekinematics.py : generate ]
	IK_COLLECTION :: WRONG_IKTYPE robotfiles/barrett-hand.zae

 INFO   [ LINE 1002 : inversekinematics.py : generate ]
	IK_COLLECTION :: RIGHT_IKTYPE robotfiles/barrettsegway.robot.xml

 INFO   [ LINE 1012 : inversekinematics.py : generate ]
	Generating inverse kinematics for manip arm: Transform6D [0, 1, 3, 4, 5, 6], precision = 8, maxcasedepth = 3 (this might take up to 10 min)

 INFO   [ LINE 1020 : inversekinematics.py : generate ]
	Creating IK file /private/cache/openrave/kinematics.e9a051e4825529aa31892beb41684ca4/ikfast0x1000004a.Transform6D.0_1_3_4_5_6_f2.cpp

 INFO   [ LINE 1086 : inversekinematics.py : generate ]
	Successfully generated C++ IK file in 30.834075s
        file = /private/cache/openrave/kinematics.e9a051e4825529aa31892beb41684ca4/ikfast0x1000004a.Transform6D.0_1_3_4_5_6_f2.cpp

 INFO   [ LINE 1092 : inversekinematics.py : generate ]
	Compiling C++ IK file to /private/cache/openrave/kinematics.e9a051e4825529aa31892beb41684ca4/ikfast0x1000004a.Transform6D.x86_64.0_1_3_4_5_6_f2.so

 INFO   [ LINE 358 : inversekinematics.py : save ]
	IK generation is done
        Shared object created: /private/cache/openrave/kinematics.e9a051e4825529aa31892beb41684ca4/ikfast0x1000004a.Transform6D.x86_64.0_1_3_4_5_6_f2.so

 INFO   [ LINE 1378 : inversekinematics.py : RunFromParser ]
	Testing the success rate of robot robotfiles/barrettsegway.robot.xml 

 INFO   [ LINE 1215 : inversekinematics.py : testik ]
	
  STATISTICS          #  
-----------------------------
             TEST  1000
          SUCCESS  1000
          FAILURE     0
                      %  
-----------------------------
          SUCCESS 100.0
          FAILURE   0.0
          NO SOLN   0.0
     MISSING SOLN  28.0

 INFO   [ LINE 988 : inversekinematics.py : generate ]
	IK_COLLECTION :: WRONG_IKTYPE robotfiles/barrettwam4.robot.xml

 INFO   [ LINE 988 : inversekinematics.py : generate ]
	IK_COLLECTION :: WRONG_IKTYPE robotfiles/barrett-wam4.zae

 INFO   [ LINE 1002 : inversekinematics.py : generate ]
	IK_COLLECTION :: RIGHT_IKTYPE robotfiles/barrettwam-dual.robot.xml

 INFO   [ LINE 1012 : inversekinematics.py : generate ]
	Generating inverse kinematics for manip r_arm: Transform6D [11, 12, 14, 15, 16, 17], precision = 8, maxcasedepth = 3 (this might take up to 10 min)

 INFO   [ LINE 1020 : inversekinematics.py : generate ]
	Creating IK file /private/cache/openrave/kinematics.e9a051e4825529aa31892beb41684ca4/ikfast0x1000004a.Transform6D.11_12_14_15_16_17_f13.cpp

 INFO   [ LINE 1086 : inversekinematics.py : generate ]
	Successfully generated C++ IK file in 33.595702s
        file = /private/cache/openrave/kinematics.e9a051e4825529aa31892beb41684ca4/ikfast0x1000004a.Transform6D.11_12_14_15_16_17_f13.cpp

 INFO   [ LINE 1092 : inversekinematics.py : generate ]
	Compiling C++ IK file to /private/cache/openrave/kinematics.e9a051e4825529aa31892beb41684ca4/ikfast0x1000004a.Transform6D.x86_64.11_12_14_15_16_17_f13.so

 INFO   [ LINE 358 : inversekinematics.py : save ]
	IK generation is done
        Shared object created: /private/cache/openrave/kinematics.e9a051e4825529aa31892beb41684ca4/ikfast0x1000004a.Transform6D.x86_64.11_12_14_15_16_17_f13.so

 INFO   [ LINE 1378 : inversekinematics.py : RunFromParser ]
	Testing the success rate of robot robotfiles/barrettwam-dual.robot.xml 

 INFO   [ LINE 1215 : inversekinematics.py : testik ]
	
  STATISTICS          #  
-----------------------------
             TEST  1000
          SUCCESS  1000
          FAILURE     0
                      %  
-----------------------------
          SUCCESS 100.0
          FAILURE   0.0
          NO SOLN   0.0
     MISSING SOLN  26.2

 INFO   [ LINE 1002 : inversekinematics.py : generate ]
	IK_COLLECTION :: RIGHT_IKTYPE robotfiles/barrett-wamhand.zae

 INFO   [ LINE 1012 : inversekinematics.py : generate ]
	Generating inverse kinematics for manip arm: Transform6D [0, 1, 3, 4, 5, 6], precision = 8, maxcasedepth = 3 (this might take up to 10 min)

 INFO   [ LINE 1020 : inversekinematics.py : generate ]
	Creating IK file /private/cache/openrave/kinematics.e9a051e4825529aa31892beb41684ca4/ikfast0x1000004a.Transform6D.0_1_3_4_5_6_f2.cpp

 INFO   [ LINE 1086 : inversekinematics.py : generate ]
	Successfully generated C++ IK file in 30.758808s
        file = /private/cache/openrave/kinematics.e9a051e4825529aa31892beb41684ca4/ikfast0x1000004a.Transform6D.0_1_3_4_5_6_f2.cpp

 INFO   [ LINE 1092 : inversekinematics.py : generate ]
	Compiling C++ IK file to /private/cache/openrave/kinematics.e9a051e4825529aa31892beb41684ca4/ikfast0x1000004a.Transform6D.x86_64.0_1_3_4_5_6_f2.so

 INFO   [ LINE 358 : inversekinematics.py : save ]
	IK generation is done
        Shared object created: /private/cache/openrave/kinematics.e9a051e4825529aa31892beb41684ca4/ikfast0x1000004a.Transform6D.x86_64.0_1_3_4_5_6_f2.so

 INFO   [ LINE 1378 : inversekinematics.py : RunFromParser ]
	Testing the success rate of robot robotfiles/barrett-wamhand.zae 

 INFO   [ LINE 1215 : inversekinematics.py : testik ]
	
  STATISTICS          #  
-----------------------------
             TEST  1000
          SUCCESS  1000
          FAILURE     0
                      %  
-----------------------------
          SUCCESS 100.0
          FAILURE   0.0
          NO SOLN   0.0
     MISSING SOLN  26.4

 INFO   [ LINE 1002 : inversekinematics.py : generate ]
	IK_COLLECTION :: RIGHT_IKTYPE robotfiles/barrettwam.robot.xml

 INFO   [ LINE 1012 : inversekinematics.py : generate ]
	Generating inverse kinematics for manip arm: Transform6D [0, 1, 3, 4, 5, 6], precision = 8, maxcasedepth = 3 (this might take up to 10 min)

 INFO   [ LINE 1020 : inversekinematics.py : generate ]
	Creating IK file /private/cache/openrave/kinematics.e9a051e4825529aa31892beb41684ca4/ikfast0x1000004a.Transform6D.0_1_3_4_5_6_f2.cpp

 INFO   [ LINE 1086 : inversekinematics.py : generate ]
	Successfully generated C++ IK file in 30.842253s
        file = /private/cache/openrave/kinematics.e9a051e4825529aa31892beb41684ca4/ikfast0x1000004a.Transform6D.0_1_3_4_5_6_f2.cpp

 INFO   [ LINE 1092 : inversekinematics.py : generate ]
	Compiling C++ IK file to /private/cache/openrave/kinematics.e9a051e4825529aa31892beb41684ca4/ikfast0x1000004a.Transform6D.x86_64.0_1_3_4_5_6_f2.so

 INFO   [ LINE 358 : inversekinematics.py : save ]
	IK generation is done
        Shared object created: /private/cache/openrave/kinematics.e9a051e4825529aa31892beb41684ca4/ikfast0x1000004a.Transform6D.x86_64.0_1_3_4_5_6_f2.so

 INFO   [ LINE 1378 : inversekinematics.py : RunFromParser ]
	Testing the success rate of robot robotfiles/barrettwam.robot.xml 

 INFO   [ LINE 1215 : inversekinematics.py : testik ]
	
  STATISTICS          #  
-----------------------------
             TEST  1000
          SUCCESS  1000
          FAILURE     0
                      %  
-----------------------------
          SUCCESS 100.0
          FAILURE   0.0
          NO SOLN   0.0
     MISSING SOLN  25.7

 INFO   [ LINE 1002 : inversekinematics.py : generate ]
	IK_COLLECTION :: RIGHT_IKTYPE robotfiles/barrett-wam-sensors.zae

 INFO   [ LINE 1012 : inversekinematics.py : generate ]
	Generating inverse kinematics for manip arm: Transform6D [0, 1, 3, 4, 5, 6], precision = 8, maxcasedepth = 3 (this might take up to 10 min)

 INFO   [ LINE 1020 : inversekinematics.py : generate ]
	Creating IK file /private/cache/openrave/kinematics.bd489b5dcd014abfd3fab765e0a570f7/ikfast0x1000004a.Transform6D.0_1_3_4_5_6_f2.cpp

 INFO   [ LINE 1086 : inversekinematics.py : generate ]
	Successfully generated C++ IK file in 31.014433s
        file = /private/cache/openrave/kinematics.bd489b5dcd014abfd3fab765e0a570f7/ikfast0x1000004a.Transform6D.0_1_3_4_5_6_f2.cpp

 INFO   [ LINE 1092 : inversekinematics.py : generate ]
	Compiling C++ IK file to /private/cache/openrave/kinematics.bd489b5dcd014abfd3fab765e0a570f7/ikfast0x1000004a.Transform6D.x86_64.0_1_3_4_5_6_f2.so

 INFO   [ LINE 358 : inversekinematics.py : save ]
	IK generation is done
        Shared object created: /private/cache/openrave/kinematics.bd489b5dcd014abfd3fab765e0a570f7/ikfast0x1000004a.Transform6D.x86_64.0_1_3_4_5_6_f2.so

 INFO   [ LINE 1378 : inversekinematics.py : RunFromParser ]
	Testing the success rate of robot robotfiles/barrett-wam-sensors.zae 

 INFO   [ LINE 1215 : inversekinematics.py : testik ]
	
  STATISTICS          #  
-----------------------------
             TEST  1000
          SUCCESS  1000
          FAILURE     0
                      %  
-----------------------------
          SUCCESS 100.0
          FAILURE   0.0
          NO SOLN   0.0
     MISSING SOLN  26.5

 INFO   [ LINE 1002 : inversekinematics.py : generate ]
	IK_COLLECTION :: RIGHT_IKTYPE robotfiles/barrett-wam.zae

 INFO   [ LINE 1012 : inversekinematics.py : generate ]
	Generating inverse kinematics for manip arm: Transform6D [0, 1, 3, 4, 5, 6], precision = 8, maxcasedepth = 3 (this might take up to 10 min)

 INFO   [ LINE 1020 : inversekinematics.py : generate ]
	Creating IK file /private/cache/openrave/kinematics.e9a051e4825529aa31892beb41684ca4/ikfast0x1000004a.Transform6D.0_1_3_4_5_6_f2.cpp

 INFO   [ LINE 1086 : inversekinematics.py : generate ]
	Successfully generated C++ IK file in 31.119280s
        file = /private/cache/openrave/kinematics.e9a051e4825529aa31892beb41684ca4/ikfast0x1000004a.Transform6D.0_1_3_4_5_6_f2.cpp

 INFO   [ LINE 1092 : inversekinematics.py : generate ]
	Compiling C++ IK file to /private/cache/openrave/kinematics.e9a051e4825529aa31892beb41684ca4/ikfast0x1000004a.Transform6D.x86_64.0_1_3_4_5_6_f2.so

 INFO   [ LINE 358 : inversekinematics.py : save ]
	IK generation is done
        Shared object created: /private/cache/openrave/kinematics.e9a051e4825529aa31892beb41684ca4/ikfast0x1000004a.Transform6D.x86_64.0_1_3_4_5_6_f2.so

 INFO   [ LINE 1378 : inversekinematics.py : RunFromParser ]
	Testing the success rate of robot robotfiles/barrett-wam.zae 

 INFO   [ LINE 1215 : inversekinematics.py : testik ]
	
  STATISTICS          #  
-----------------------------
             TEST  1000
          SUCCESS  1000
          FAILURE     0
                      %  
-----------------------------
          SUCCESS 100.0
          FAILURE   0.0
          NO SOLN   0.0
     MISSING SOLN  25.2

 INFO   [ LINE 988 : inversekinematics.py : generate ]
	IK_COLLECTION :: WRONG_IKTYPE robotfiles/care-o-bot3.zae

 INFO   [ LINE 1002 : inversekinematics.py : generate ]
	IK_COLLECTION :: RIGHT_IKTYPE robotfiles/cmu-permma.zae

 INFO   [ LINE 1012 : inversekinematics.py : generate ]
	Generating inverse kinematics for manip leftarm: Transform6D [1, 2, 3, 4, 5, 6], precision = 8, maxcasedepth = 3 (this might take up to 10 min)

 INFO   [ LINE 1020 : inversekinematics.py : generate ]
	Creating IK file /private/cache/openrave/kinematics.932c89545e6a1721f49778d9ea6940ca/ikfast0x1000004a.Transform6D.1_2_3_4_5_6.cpp

 INFO   [ LINE 1086 : inversekinematics.py : generate ]
	Successfully generated C++ IK file in 36.005855s
        file = /private/cache/openrave/kinematics.932c89545e6a1721f49778d9ea6940ca/ikfast0x1000004a.Transform6D.1_2_3_4_5_6.cpp

 INFO   [ LINE 1092 : inversekinematics.py : generate ]
	Compiling C++ IK file to /private/cache/openrave/kinematics.932c89545e6a1721f49778d9ea6940ca/ikfast0x1000004a.Transform6D.x86_64.1_2_3_4_5_6.so

 INFO   [ LINE 358 : inversekinematics.py : save ]
	IK generation is done
        Shared object created: /private/cache/openrave/kinematics.932c89545e6a1721f49778d9ea6940ca/ikfast0x1000004a.Transform6D.x86_64.1_2_3_4_5_6.so

 INFO   [ LINE 1378 : inversekinematics.py : RunFromParser ]
	Testing the success rate of robot robotfiles/cmu-permma.zae 

 INFO   [ LINE 1215 : inversekinematics.py : testik ]
	
  STATISTICS          #  
-----------------------------
             TEST  1000
          SUCCESS  1000
          FAILURE     0
                      %  
-----------------------------
          SUCCESS 100.0
          FAILURE   0.0
          NO SOLN   0.0
     MISSING SOLN   0.0

 INFO   [ LINE 1002 : inversekinematics.py : generate ]
	IK_COLLECTION :: RIGHT_IKTYPE robotfiles/collada_robots_kawada-hironx.zae

 INFO   [ LINE 1012 : inversekinematics.py : generate ]
	Generating inverse kinematics for manip rightarm: Transform6D [3, 4, 5, 6, 7, 8], precision = 8, maxcasedepth = 3 (this might take up to 10 min)

 INFO   [ LINE 1020 : inversekinematics.py : generate ]
	Creating IK file /private/cache/openrave/kinematics.556b5a549250b91dd9b64142ef6fb205/ikfast0x1000004a.Transform6D.3_4_5_6_7_8.cpp

 INFO   [ LINE 1086 : inversekinematics.py : generate ]
	Successfully generated C++ IK file in 367.674005s
        file = /private/cache/openrave/kinematics.556b5a549250b91dd9b64142ef6fb205/ikfast0x1000004a.Transform6D.3_4_5_6_7_8.cpp

 INFO   [ LINE 1092 : inversekinematics.py : generate ]
	Compiling C++ IK file to /private/cache/openrave/kinematics.556b5a549250b91dd9b64142ef6fb205/ikfast0x1000004a.Transform6D.x86_64.3_4_5_6_7_8.so

 INFO   [ LINE 358 : inversekinematics.py : save ]
	IK generation is done
        Shared object created: /private/cache/openrave/kinematics.556b5a549250b91dd9b64142ef6fb205/ikfast0x1000004a.Transform6D.x86_64.3_4_5_6_7_8.so

 INFO   [ LINE 1378 : inversekinematics.py : RunFromParser ]
	Testing the success rate of robot robotfiles/collada_robots_kawada-hironx.zae 

 INFO   [ LINE 1215 : inversekinematics.py : testik ]
	
  STATISTICS          #  
-----------------------------
             TEST  1000
          SUCCESS   942
          FAILURE     0
                      %  
-----------------------------
          SUCCESS  94.2
          FAILURE   0.0
          NO SOLN   5.8
     MISSING SOLN   1.6

 INFO   [ LINE 988 : inversekinematics.py : generate ]
	IK_COLLECTION :: WRONG_IKTYPE robotfiles/collada_robots_kuka-youbot.zae

 INFO   [ LINE 1002 : inversekinematics.py : generate ]
	IK_COLLECTION :: RIGHT_IKTYPE robotfiles/collada_robots_mitsubishi-pa10.zae

 INFO   [ LINE 1012 : inversekinematics.py : generate ]
	Generating inverse kinematics for manip arm_nogripper: Transform6D [0, 1, 3, 4, 5, 6], precision = 8, maxcasedepth = 3 (this might take up to 10 min)

 INFO   [ LINE 1020 : inversekinematics.py : generate ]
	Creating IK file /private/cache/openrave/kinematics.1327c54bf609b286bd81f3d4c134a061/ikfast0x1000004a.Transform6D.0_1_3_4_5_6_f2.cpp

 INFO   [ LINE 1086 : inversekinematics.py : generate ]
	Successfully generated C++ IK file in 29.267290s
        file = /private/cache/openrave/kinematics.1327c54bf609b286bd81f3d4c134a061/ikfast0x1000004a.Transform6D.0_1_3_4_5_6_f2.cpp

 INFO   [ LINE 1092 : inversekinematics.py : generate ]
	Compiling C++ IK file to /private/cache/openrave/kinematics.1327c54bf609b286bd81f3d4c134a061/ikfast0x1000004a.Transform6D.x86_64.0_1_3_4_5_6_f2.so

 INFO   [ LINE 358 : inversekinematics.py : save ]
	IK generation is done
        Shared object created: /private/cache/openrave/kinematics.1327c54bf609b286bd81f3d4c134a061/ikfast0x1000004a.Transform6D.x86_64.0_1_3_4_5_6_f2.so

 INFO   [ LINE 1378 : inversekinematics.py : RunFromParser ]
	Testing the success rate of robot robotfiles/collada_robots_mitsubishi-pa10.zae 

 INFO   [ LINE 1215 : inversekinematics.py : testik ]
	
  STATISTICS          #  
-----------------------------
             TEST  1000
          SUCCESS  1000
          FAILURE     0
                      %  
-----------------------------
          SUCCESS 100.0
          FAILURE   0.0
          NO SOLN   0.0
     MISSING SOLN  28.1

 INFO   [ LINE 988 : inversekinematics.py : generate ]
	IK_COLLECTION :: WRONG_IKTYPE robotfiles/collada_robots_neuronics-katana.zae

 INFO   [ LINE 1002 : inversekinematics.py : generate ]
	IK_COLLECTION :: RIGHT_IKTYPE robotfiles/collada_robots_schunk-lwa3.zae

 INFO   [ LINE 1012 : inversekinematics.py : generate ]
	Generating inverse kinematics for manip arm_nogripper: Transform6D [0, 1, 3, 4, 5, 6], precision = 8, maxcasedepth = 3 (this might take up to 10 min)

 INFO   [ LINE 1020 : inversekinematics.py : generate ]
	Creating IK file /private/cache/openrave/kinematics.f1b4ece80cdeeec66467d9998ec73679/ikfast0x1000004a.Transform6D.0_1_3_4_5_6_f2.cpp

 INFO   [ LINE 1086 : inversekinematics.py : generate ]
	Successfully generated C++ IK file in 46.108579s
        file = /private/cache/openrave/kinematics.f1b4ece80cdeeec66467d9998ec73679/ikfast0x1000004a.Transform6D.0_1_3_4_5_6_f2.cpp

 INFO   [ LINE 1092 : inversekinematics.py : generate ]
	Compiling C++ IK file to /private/cache/openrave/kinematics.f1b4ece80cdeeec66467d9998ec73679/ikfast0x1000004a.Transform6D.x86_64.0_1_3_4_5_6_f2.so

 INFO   [ LINE 358 : inversekinematics.py : save ]
	IK generation is done
        Shared object created: /private/cache/openrave/kinematics.f1b4ece80cdeeec66467d9998ec73679/ikfast0x1000004a.Transform6D.x86_64.0_1_3_4_5_6_f2.so

 INFO   [ LINE 1378 : inversekinematics.py : RunFromParser ]
	Testing the success rate of robot robotfiles/collada_robots_schunk-lwa3.zae 

 INFO   [ LINE 1215 : inversekinematics.py : testik ]
	
  STATISTICS          #  
-----------------------------
             TEST  1000
          SUCCESS  1000
          FAILURE     0
                      %  
-----------------------------
          SUCCESS 100.0
          FAILURE   0.0
          NO SOLN   0.0
     MISSING SOLN   5.2

 INFO   [ LINE 988 : inversekinematics.py : generate ]
	IK_COLLECTION :: WRONG_IKTYPE robotfiles/collada_robots_shadow-hand.zae

 INFO   [ LINE 988 : inversekinematics.py : generate ]
	IK_COLLECTION :: WRONG_IKTYPE robotfiles/collisionmap.robot.xml

 INFO   [ LINE 988 : inversekinematics.py : generate ]
	IK_COLLECTION :: WRONG_IKTYPE robotfiles/crustcrawler-ax12.zae

 INFO   [ LINE 1002 : inversekinematics.py : generate ]
	IK_COLLECTION :: RIGHT_IKTYPE robotfiles/darpa-arm.zae

 INFO   [ LINE 1012 : inversekinematics.py : generate ]
	Generating inverse kinematics for manip rightarm: Transform6D [4, 5, 7, 8, 9, 10], precision = 8, maxcasedepth = 3 (this might take up to 10 min)

 INFO   [ LINE 1020 : inversekinematics.py : generate ]
	Creating IK file /private/cache/openrave/kinematics.34930a3a1995b5fb7c3b43862e0c04f2/ikfast0x1000004a.Transform6D.4_5_7_8_9_10_f6.cpp

 INFO   [ LINE 1086 : inversekinematics.py : generate ]
	Successfully generated C++ IK file in 30.375208s
        file = /private/cache/openrave/kinematics.34930a3a1995b5fb7c3b43862e0c04f2/ikfast0x1000004a.Transform6D.4_5_7_8_9_10_f6.cpp

 INFO   [ LINE 1092 : inversekinematics.py : generate ]
	Compiling C++ IK file to /private/cache/openrave/kinematics.34930a3a1995b5fb7c3b43862e0c04f2/ikfast0x1000004a.Transform6D.x86_64.4_5_7_8_9_10_f6.so

 INFO   [ LINE 358 : inversekinematics.py : save ]
	IK generation is done
        Shared object created: /private/cache/openrave/kinematics.34930a3a1995b5fb7c3b43862e0c04f2/ikfast0x1000004a.Transform6D.x86_64.4_5_7_8_9_10_f6.so

 INFO   [ LINE 1378 : inversekinematics.py : RunFromParser ]
	Testing the success rate of robot robotfiles/darpa-arm.zae 

 INFO   [ LINE 1215 : inversekinematics.py : testik ]
	
  STATISTICS          #  
-----------------------------
             TEST  1000
          SUCCESS   994
          FAILURE     0
                      %  
-----------------------------
          SUCCESS  99.4
          FAILURE   0.0
          NO SOLN   0.6
     MISSING SOLN  27.0

 INFO   [ LINE 1002 : inversekinematics.py : generate ]
	IK_COLLECTION :: RIGHT_IKTYPE robotfiles/diffdrive_caster.robot.xml

 INFO   [ LINE 1012 : inversekinematics.py : generate ]
	Generating inverse kinematics for manip arm: Transform6D [2, 3, 5, 6, 7, 8], precision = 8, maxcasedepth = 3 (this might take up to 10 min)

 INFO   [ LINE 1020 : inversekinematics.py : generate ]
	Creating IK file /private/cache/openrave/kinematics.e9a051e4825529aa31892beb41684ca4/ikfast0x1000004a.Transform6D.2_3_5_6_7_8_f4.cpp

 INFO   [ LINE 1086 : inversekinematics.py : generate ]
	Successfully generated C++ IK file in 30.740386s
        file = /private/cache/openrave/kinematics.e9a051e4825529aa31892beb41684ca4/ikfast0x1000004a.Transform6D.2_3_5_6_7_8_f4.cpp

 INFO   [ LINE 1092 : inversekinematics.py : generate ]
	Compiling C++ IK file to /private/cache/openrave/kinematics.e9a051e4825529aa31892beb41684ca4/ikfast0x1000004a.Transform6D.x86_64.2_3_5_6_7_8_f4.so

 INFO   [ LINE 358 : inversekinematics.py : save ]
	IK generation is done
        Shared object created: /private/cache/openrave/kinematics.e9a051e4825529aa31892beb41684ca4/ikfast0x1000004a.Transform6D.x86_64.2_3_5_6_7_8_f4.so

 INFO   [ LINE 1378 : inversekinematics.py : RunFromParser ]
	Testing the success rate of robot robotfiles/diffdrive_caster.robot.xml 

 INFO   [ LINE 1215 : inversekinematics.py : testik ]
	
  STATISTICS          #  
-----------------------------
             TEST  1000
          SUCCESS   998
          FAILURE     0
                      %  
-----------------------------
          SUCCESS  99.8
          FAILURE   0.0
          NO SOLN   0.2
     MISSING SOLN  25.1

 INFO   [ LINE 282 : inversekinematics.py : __init__ ]
	IK_COLLECTION :: NONE_MANIP robotfiles/diffdrive_sample.robot.xml

 INFO   [ LINE 1002 : inversekinematics.py : generate ]
	IK_COLLECTION :: RIGHT_IKTYPE robotfiles/exactdynamics-manusarmleft.zae

 INFO   [ LINE 1012 : inversekinematics.py : generate ]
	Generating inverse kinematics for manip leftarm: Transform6D [0, 1, 2, 3, 4, 5], precision = 8, maxcasedepth = 3 (this might take up to 10 min)

 INFO   [ LINE 1020 : inversekinematics.py : generate ]
	Creating IK file /private/cache/openrave/kinematics.932c89545e6a1721f49778d9ea6940ca/ikfast0x1000004a.Transform6D.0_1_2_3_4_5.cpp

 INFO   [ LINE 1086 : inversekinematics.py : generate ]
	Successfully generated C++ IK file in 36.078602s
        file = /private/cache/openrave/kinematics.932c89545e6a1721f49778d9ea6940ca/ikfast0x1000004a.Transform6D.0_1_2_3_4_5.cpp

 INFO   [ LINE 1092 : inversekinematics.py : generate ]
	Compiling C++ IK file to /private/cache/openrave/kinematics.932c89545e6a1721f49778d9ea6940ca/ikfast0x1000004a.Transform6D.x86_64.0_1_2_3_4_5.so

 INFO   [ LINE 358 : inversekinematics.py : save ]
	IK generation is done
        Shared object created: /private/cache/openrave/kinematics.932c89545e6a1721f49778d9ea6940ca/ikfast0x1000004a.Transform6D.x86_64.0_1_2_3_4_5.so

 INFO   [ LINE 1378 : inversekinematics.py : RunFromParser ]
	Testing the success rate of robot robotfiles/exactdynamics-manusarmleft.zae 

 INFO   [ LINE 1215 : inversekinematics.py : testik ]
	
  STATISTICS          #  
-----------------------------
             TEST  1000
          SUCCESS  1000
          FAILURE     0
                      %  
-----------------------------
          SUCCESS 100.0
          FAILURE   0.0
          NO SOLN   0.0
     MISSING SOLN   0.0

 INFO   [ LINE 1002 : inversekinematics.py : generate ]
	IK_COLLECTION :: RIGHT_IKTYPE robotfiles/fail1.dae

 INFO   [ LINE 1012 : inversekinematics.py : generate ]
	Generating inverse kinematics for manip arm: Transform6D [0, 1, 2, 3, 4, 5], precision = 8, maxcasedepth = 3 (this might take up to 10 min)

 INFO   [ LINE 1020 : inversekinematics.py : generate ]
	Creating IK file /private/cache/openrave/kinematics.a12aea409fad77b84051893361555300/ikfast0x1000004a.Transform6D.0_1_2_3_4_5.cpp

 INFO   [ LINE 1086 : inversekinematics.py : generate ]
	Successfully generated C++ IK file in 53.976832s
        file = /private/cache/openrave/kinematics.a12aea409fad77b84051893361555300/ikfast0x1000004a.Transform6D.0_1_2_3_4_5.cpp

 INFO   [ LINE 1092 : inversekinematics.py : generate ]
	Compiling C++ IK file to /private/cache/openrave/kinematics.a12aea409fad77b84051893361555300/ikfast0x1000004a.Transform6D.x86_64.0_1_2_3_4_5.so

 INFO   [ LINE 358 : inversekinematics.py : save ]
	IK generation is done
        Shared object created: /private/cache/openrave/kinematics.a12aea409fad77b84051893361555300/ikfast0x1000004a.Transform6D.x86_64.0_1_2_3_4_5.so

 INFO   [ LINE 1378 : inversekinematics.py : RunFromParser ]
	Testing the success rate of robot robotfiles/fail1.dae 

 INFO   [ LINE 1215 : inversekinematics.py : testik ]
	
  STATISTICS          #  
-----------------------------
             TEST  1000
          SUCCESS   992
          FAILURE     0
                      %  
-----------------------------
          SUCCESS  99.2
          FAILURE   0.0
          NO SOLN   0.8
     MISSING SOLN   4.3

 INFO   [ LINE 1002 : inversekinematics.py : generate ]
	IK_COLLECTION :: RIGHT_IKTYPE robotfiles/fail1.robot.xml

 INFO   [ LINE 1012 : inversekinematics.py : generate ]
	Generating inverse kinematics for manip arm: Transform6D [0, 1, 2, 3, 4, 5], precision = 8, maxcasedepth = 3 (this might take up to 10 min)

 INFO   [ LINE 1020 : inversekinematics.py : generate ]
	Creating IK file /private/cache/openrave/kinematics.a12aea409fad77b84051893361555300/ikfast0x1000004a.Transform6D.0_1_2_3_4_5.cpp

 INFO   [ LINE 1086 : inversekinematics.py : generate ]
	Successfully generated C++ IK file in 54.087382s
        file = /private/cache/openrave/kinematics.a12aea409fad77b84051893361555300/ikfast0x1000004a.Transform6D.0_1_2_3_4_5.cpp

 INFO   [ LINE 1092 : inversekinematics.py : generate ]
	Compiling C++ IK file to /private/cache/openrave/kinematics.a12aea409fad77b84051893361555300/ikfast0x1000004a.Transform6D.x86_64.0_1_2_3_4_5.so

 INFO   [ LINE 358 : inversekinematics.py : save ]
	IK generation is done
        Shared object created: /private/cache/openrave/kinematics.a12aea409fad77b84051893361555300/ikfast0x1000004a.Transform6D.x86_64.0_1_2_3_4_5.so

 INFO   [ LINE 1378 : inversekinematics.py : RunFromParser ]
	Testing the success rate of robot robotfiles/fail1.robot.xml 

 INFO   [ LINE 1215 : inversekinematics.py : testik ]
	
  STATISTICS          #  
-----------------------------
             TEST  1000
          SUCCESS   990
          FAILURE     0
                      %  
-----------------------------
          SUCCESS  99.0
          FAILURE   0.0
          NO SOLN   1.0
     MISSING SOLN   6.0

 INFO   [ LINE 1002 : inversekinematics.py : generate ]
	IK_COLLECTION :: RIGHT_IKTYPE robotfiles/fail2.robot.xml

 INFO   [ LINE 1012 : inversekinematics.py : generate ]
	Generating inverse kinematics for manip arm: Transform6D [0, 1, 2, 3, 4, 5], precision = 8, maxcasedepth = 3 (this might take up to 10 min)

 INFO   [ LINE 1020 : inversekinematics.py : generate ]
	Creating IK file /private/cache/openrave/kinematics.b6e1c85a50d5b0cb97f66b7c8bf2fe0e/ikfast0x1000004a.Transform6D.0_1_2_3_4_5.cpp

 INFO   [ LINE 1086 : inversekinematics.py : generate ]
	Successfully generated C++ IK file in 92.150809s
        file = /private/cache/openrave/kinematics.b6e1c85a50d5b0cb97f66b7c8bf2fe0e/ikfast0x1000004a.Transform6D.0_1_2_3_4_5.cpp

 INFO   [ LINE 1092 : inversekinematics.py : generate ]
	Compiling C++ IK file to /private/cache/openrave/kinematics.b6e1c85a50d5b0cb97f66b7c8bf2fe0e/ikfast0x1000004a.Transform6D.x86_64.0_1_2_3_4_5.so

 INFO   [ LINE 358 : inversekinematics.py : save ]
	IK generation is done
        Shared object created: /private/cache/openrave/kinematics.b6e1c85a50d5b0cb97f66b7c8bf2fe0e/ikfast0x1000004a.Transform6D.x86_64.0_1_2_3_4_5.so

 INFO   [ LINE 1378 : inversekinematics.py : RunFromParser ]
	Testing the success rate of robot robotfiles/fail2.robot.xml 

 INFO   [ LINE 1215 : inversekinematics.py : testik ]
	
  STATISTICS          #  
-----------------------------
             TEST  1000
          SUCCESS  1000
          FAILURE     0
                      %  
-----------------------------
          SUCCESS 100.0
          FAILURE   0.0
          NO SOLN   0.0
     MISSING SOLN   4.8

 INFO   [ LINE 1002 : inversekinematics.py : generate ]
	IK_COLLECTION :: RIGHT_IKTYPE robotfiles/fail3.robot.xml

 INFO   [ LINE 1012 : inversekinematics.py : generate ]
	Generating inverse kinematics for manip FLLeg: Transform6D [0, 1, 2, 3, 4, 5], precision = 8, maxcasedepth = 3 (this might take up to 10 min)

 INFO   [ LINE 1020 : inversekinematics.py : generate ]
	Creating IK file /private/cache/openrave/kinematics.5d4d57b31629ec142d49f670504d269a/ikfast0x1000004a.Transform6D.0_1_2_3_4_5.cpp

 INFO   [ LINE 1086 : inversekinematics.py : generate ]
	Successfully generated C++ IK file in 27.951952s
        file = /private/cache/openrave/kinematics.5d4d57b31629ec142d49f670504d269a/ikfast0x1000004a.Transform6D.0_1_2_3_4_5.cpp

 INFO   [ LINE 1092 : inversekinematics.py : generate ]
	Compiling C++ IK file to /private/cache/openrave/kinematics.5d4d57b31629ec142d49f670504d269a/ikfast0x1000004a.Transform6D.x86_64.0_1_2_3_4_5.so

 INFO   [ LINE 358 : inversekinematics.py : save ]
	IK generation is done
        Shared object created: /private/cache/openrave/kinematics.5d4d57b31629ec142d49f670504d269a/ikfast0x1000004a.Transform6D.x86_64.0_1_2_3_4_5.so

 INFO   [ LINE 1378 : inversekinematics.py : RunFromParser ]
	Testing the success rate of robot robotfiles/fail3.robot.xml 

 INFO   [ LINE 1215 : inversekinematics.py : testik ]
	
  STATISTICS          #  
-----------------------------
             TEST  1000
          SUCCESS  1000
          FAILURE     0
                      %  
-----------------------------
          SUCCESS 100.0
          FAILURE   0.0
          NO SOLN   0.0
     MISSING SOLN   5.2

 INFO   [ LINE 1002 : inversekinematics.py : generate ]
	IK_COLLECTION :: RIGHT_IKTYPE robotfiles/fail4.dae

 INFO   [ LINE 1012 : inversekinematics.py : generate ]
	Generating inverse kinematics for manip head: Transform6D [0, 1, 2, 3, 4, 5], precision = 8, maxcasedepth = 3 (this might take up to 10 min)

 INFO   [ LINE 1020 : inversekinematics.py : generate ]
	Creating IK file /private/cache/openrave/kinematics.c9eae8944a6c240040a3239ef8b0445a/ikfast0x1000004a.Transform6D.0_1_2_3_4_5.cpp

 INFO   [ LINE 1086 : inversekinematics.py : generate ]
	Successfully generated C++ IK file in 121.302730s
        file = /private/cache/openrave/kinematics.c9eae8944a6c240040a3239ef8b0445a/ikfast0x1000004a.Transform6D.0_1_2_3_4_5.cpp

 INFO   [ LINE 1092 : inversekinematics.py : generate ]
	Compiling C++ IK file to /private/cache/openrave/kinematics.c9eae8944a6c240040a3239ef8b0445a/ikfast0x1000004a.Transform6D.x86_64.0_1_2_3_4_5.so

 INFO   [ LINE 358 : inversekinematics.py : save ]
	IK generation is done
        Shared object created: /private/cache/openrave/kinematics.c9eae8944a6c240040a3239ef8b0445a/ikfast0x1000004a.Transform6D.x86_64.0_1_2_3_4_5.so

 INFO   [ LINE 1378 : inversekinematics.py : RunFromParser ]
	Testing the success rate of robot robotfiles/fail4.dae 

 INFO   [ LINE 1215 : inversekinematics.py : testik ]
	
  STATISTICS          #  
-----------------------------
             TEST  1000
          SUCCESS    11
          FAILURE     0
                      %  
-----------------------------
          SUCCESS   1.1
          FAILURE   0.0
          NO SOLN  98.9
     MISSING SOLN   0.1

 INFO   [ LINE 988 : inversekinematics.py : generate ]
	IK_COLLECTION :: WRONG_IKTYPE robotfiles/fail5_4d.zae

 INFO   [ LINE 1002 : inversekinematics.py : generate ]
	IK_COLLECTION :: RIGHT_IKTYPE robotfiles/kawada-hironx-parallelfingers.zae

 INFO   [ LINE 1012 : inversekinematics.py : generate ]
	Generating inverse kinematics for manip rightarm: Transform6D [3, 4, 5, 6, 7, 8], precision = 8, maxcasedepth = 3 (this might take up to 10 min)

 INFO   [ LINE 1020 : inversekinematics.py : generate ]
	Creating IK file /private/cache/openrave/kinematics.556b5a549250b91dd9b64142ef6fb205/ikfast0x1000004a.Transform6D.3_4_5_6_7_8.cpp

 INFO   [ LINE 1086 : inversekinematics.py : generate ]
	Successfully generated C++ IK file in 374.572632s
        file = /private/cache/openrave/kinematics.556b5a549250b91dd9b64142ef6fb205/ikfast0x1000004a.Transform6D.3_4_5_6_7_8.cpp

 INFO   [ LINE 1092 : inversekinematics.py : generate ]
	Compiling C++ IK file to /private/cache/openrave/kinematics.556b5a549250b91dd9b64142ef6fb205/ikfast0x1000004a.Transform6D.x86_64.3_4_5_6_7_8.so

 INFO   [ LINE 358 : inversekinematics.py : save ]
	IK generation is done
        Shared object created: /private/cache/openrave/kinematics.556b5a549250b91dd9b64142ef6fb205/ikfast0x1000004a.Transform6D.x86_64.3_4_5_6_7_8.so

 INFO   [ LINE 1378 : inversekinematics.py : RunFromParser ]
	Testing the success rate of robot robotfiles/kawada-hironx-parallelfingers.zae 

 INFO   [ LINE 1215 : inversekinematics.py : testik ]
	
  STATISTICS          #  
-----------------------------
             TEST  1000
          SUCCESS   957
          FAILURE     0
                      %  
-----------------------------
          SUCCESS  95.7
          FAILURE   0.0
          NO SOLN   4.3
     MISSING SOLN   1.9

 INFO   [ LINE 248 : __init__.py : InitializeFromParser ]
	IK_COLLECTION :: NO_ROBOT robotfiles/kuka-kr150.zae

 INFO   [ LINE 282 : inversekinematics.py : __init__ ]
	IK_COLLECTION :: NONE_MANIP robotfiles/kuka-kr210l180.zae

 INFO   [ LINE 1002 : inversekinematics.py : generate ]
	IK_COLLECTION :: RIGHT_IKTYPE robotfiles/kuka-kr30l16.zae

 INFO   [ LINE 1012 : inversekinematics.py : generate ]
	Generating inverse kinematics for manip arm: Transform6D [0, 1, 2, 3, 4, 5], precision = 8, maxcasedepth = 3 (this might take up to 10 min)

 INFO   [ LINE 1020 : inversekinematics.py : generate ]
	Creating IK file /private/cache/openrave/kinematics.6781f5b9fb4cec330e08bca0c06f7a43/ikfast0x1000004a.Transform6D.0_1_2_3_4_5.cpp

 INFO   [ LINE 1086 : inversekinematics.py : generate ]
	Successfully generated C++ IK file in 34.757669s
        file = /private/cache/openrave/kinematics.6781f5b9fb4cec330e08bca0c06f7a43/ikfast0x1000004a.Transform6D.0_1_2_3_4_5.cpp

 INFO   [ LINE 1092 : inversekinematics.py : generate ]
	Compiling C++ IK file to /private/cache/openrave/kinematics.6781f5b9fb4cec330e08bca0c06f7a43/ikfast0x1000004a.Transform6D.x86_64.0_1_2_3_4_5.so

 INFO   [ LINE 358 : inversekinematics.py : save ]
	IK generation is done
        Shared object created: /private/cache/openrave/kinematics.6781f5b9fb4cec330e08bca0c06f7a43/ikfast0x1000004a.Transform6D.x86_64.0_1_2_3_4_5.so

 INFO   [ LINE 1378 : inversekinematics.py : RunFromParser ]
	Testing the success rate of robot robotfiles/kuka-kr30l16.zae 

 INFO   [ LINE 1215 : inversekinematics.py : testik ]
	
  STATISTICS          #  
-----------------------------
             TEST  1000
          SUCCESS  1000
          FAILURE     0
                      %  
-----------------------------
          SUCCESS 100.0
          FAILURE   0.0
          NO SOLN   0.0
     MISSING SOLN   5.9

 INFO   [ LINE 248 : __init__.py : InitializeFromParser ]
	IK_COLLECTION :: NO_ROBOT robotfiles/kuka-kr360.zae

 INFO   [ LINE 1002 : inversekinematics.py : generate ]
	IK_COLLECTION :: RIGHT_IKTYPE robotfiles/kuka-kr3-cr.zae

 INFO   [ LINE 1012 : inversekinematics.py : generate ]
	Generating inverse kinematics for manip arm: Transform6D [0, 1, 2, 3, 4, 5], precision = 8, maxcasedepth = 3 (this might take up to 10 min)

 INFO   [ LINE 1020 : inversekinematics.py : generate ]
	Creating IK file /private/cache/openrave/kinematics.9deed4f1a71b1f9720c53decad09f2eb/ikfast0x1000004a.Transform6D.0_1_2_3_4_5.cpp

 INFO   [ LINE 1086 : inversekinematics.py : generate ]
	Successfully generated C++ IK file in 30.566262s
        file = /private/cache/openrave/kinematics.9deed4f1a71b1f9720c53decad09f2eb/ikfast0x1000004a.Transform6D.0_1_2_3_4_5.cpp

 INFO   [ LINE 1092 : inversekinematics.py : generate ]
	Compiling C++ IK file to /private/cache/openrave/kinematics.9deed4f1a71b1f9720c53decad09f2eb/ikfast0x1000004a.Transform6D.x86_64.0_1_2_3_4_5.so

 INFO   [ LINE 358 : inversekinematics.py : save ]
	IK generation is done
        Shared object created: /private/cache/openrave/kinematics.9deed4f1a71b1f9720c53decad09f2eb/ikfast0x1000004a.Transform6D.x86_64.0_1_2_3_4_5.so

 INFO   [ LINE 1378 : inversekinematics.py : RunFromParser ]
	Testing the success rate of robot robotfiles/kuka-kr3-cr.zae 

 INFO   [ LINE 1215 : inversekinematics.py : testik ]
	
  STATISTICS          #  
-----------------------------
             TEST  1000
          SUCCESS  1000
          FAILURE     0
                      %  
-----------------------------
          SUCCESS 100.0
          FAILURE   0.0
          NO SOLN   0.0
     MISSING SOLN   5.8

 INFO   [ LINE 1002 : inversekinematics.py : generate ]
	IK_COLLECTION :: RIGHT_IKTYPE robotfiles/kuka-kr5-r650.zae

 INFO   [ LINE 1012 : inversekinematics.py : generate ]
	Generating inverse kinematics for manip arm: Transform6D [0, 1, 2, 3, 4, 5], precision = 8, maxcasedepth = 3 (this might take up to 10 min)

 INFO   [ LINE 1020 : inversekinematics.py : generate ]
	Creating IK file /private/cache/openrave/kinematics.91a2b4cd201a030d8d22848745147445/ikfast0x1000004a.Transform6D.0_1_2_3_4_5.cpp

 INFO   [ LINE 1086 : inversekinematics.py : generate ]
	Successfully generated C++ IK file in 18.804779s
        file = /private/cache/openrave/kinematics.91a2b4cd201a030d8d22848745147445/ikfast0x1000004a.Transform6D.0_1_2_3_4_5.cpp

 INFO   [ LINE 1092 : inversekinematics.py : generate ]
	Compiling C++ IK file to /private/cache/openrave/kinematics.91a2b4cd201a030d8d22848745147445/ikfast0x1000004a.Transform6D.x86_64.0_1_2_3_4_5.so

 INFO   [ LINE 358 : inversekinematics.py : save ]
	IK generation is done
        Shared object created: /private/cache/openrave/kinematics.91a2b4cd201a030d8d22848745147445/ikfast0x1000004a.Transform6D.x86_64.0_1_2_3_4_5.so

 INFO   [ LINE 1378 : inversekinematics.py : RunFromParser ]
	Testing the success rate of robot robotfiles/kuka-kr5-r650.zae 

 INFO   [ LINE 1215 : inversekinematics.py : testik ]
	
  STATISTICS          #  
-----------------------------
             TEST  1000
          SUCCESS  1000
          FAILURE     0
                      %  
-----------------------------
          SUCCESS 100.0
          FAILURE   0.0
          NO SOLN   0.0
     MISSING SOLN  46.4

 INFO   [ LINE 1002 : inversekinematics.py : generate ]
	IK_COLLECTION :: RIGHT_IKTYPE robotfiles/kuka-kr5-r850.zae

 INFO   [ LINE 1012 : inversekinematics.py : generate ]
	Generating inverse kinematics for manip arm: Transform6D [0, 1, 2, 3, 4, 5], precision = 8, maxcasedepth = 3 (this might take up to 10 min)

 INFO   [ LINE 1020 : inversekinematics.py : generate ]
	Creating IK file /private/cache/openrave/kinematics.e158d2c8ede0f4f82aa37d63b20914b5/ikfast0x1000004a.Transform6D.0_1_2_3_4_5.cpp

 INFO   [ LINE 1086 : inversekinematics.py : generate ]
	Successfully generated C++ IK file in 19.050620s
        file = /private/cache/openrave/kinematics.e158d2c8ede0f4f82aa37d63b20914b5/ikfast0x1000004a.Transform6D.0_1_2_3_4_5.cpp

 INFO   [ LINE 1092 : inversekinematics.py : generate ]
	Compiling C++ IK file to /private/cache/openrave/kinematics.e158d2c8ede0f4f82aa37d63b20914b5/ikfast0x1000004a.Transform6D.x86_64.0_1_2_3_4_5.so

 INFO   [ LINE 358 : inversekinematics.py : save ]
	IK generation is done
        Shared object created: /private/cache/openrave/kinematics.e158d2c8ede0f4f82aa37d63b20914b5/ikfast0x1000004a.Transform6D.x86_64.0_1_2_3_4_5.so

 INFO   [ LINE 1378 : inversekinematics.py : RunFromParser ]
	Testing the success rate of robot robotfiles/kuka-kr5-r850.zae 

 INFO   [ LINE 1215 : inversekinematics.py : testik ]
	
  STATISTICS          #  
-----------------------------
             TEST  1000
          SUCCESS  1000
          FAILURE     0
                      %  
-----------------------------
          SUCCESS 100.0
          FAILURE   0.0
          NO SOLN   0.0
     MISSING SOLN  49.0

 INFO   [ LINE 988 : inversekinematics.py : generate ]
	IK_COLLECTION :: WRONG_IKTYPE robotfiles/kuka-youbot-hires.zae

 INFO   [ LINE 1002 : inversekinematics.py : generate ]
	IK_COLLECTION :: RIGHT_IKTYPE robotfiles/man1.zae

 INFO   [ LINE 1012 : inversekinematics.py : generate ]
	Generating inverse kinematics for manip leftarm: Transform6D [10, 11, 13, 14, 15, 16], precision = 8, maxcasedepth = 3 (this might take up to 10 min)

 INFO   [ LINE 1020 : inversekinematics.py : generate ]
	Creating IK file /private/cache/openrave/kinematics.eebdaab6fb12dcef053ad06f8aa171e1/ikfast0x1000004a.Transform6D.10_11_13_14_15_16_f12.cpp

 INFO   [ LINE 1086 : inversekinematics.py : generate ]
	Successfully generated C++ IK file in 35.978351s
        file = /private/cache/openrave/kinematics.eebdaab6fb12dcef053ad06f8aa171e1/ikfast0x1000004a.Transform6D.10_11_13_14_15_16_f12.cpp

 INFO   [ LINE 1092 : inversekinematics.py : generate ]
	Compiling C++ IK file to /private/cache/openrave/kinematics.eebdaab6fb12dcef053ad06f8aa171e1/ikfast0x1000004a.Transform6D.x86_64.10_11_13_14_15_16_f12.so

 INFO   [ LINE 358 : inversekinematics.py : save ]
	IK generation is done
        Shared object created: /private/cache/openrave/kinematics.eebdaab6fb12dcef053ad06f8aa171e1/ikfast0x1000004a.Transform6D.x86_64.10_11_13_14_15_16_f12.so

 INFO   [ LINE 1378 : inversekinematics.py : RunFromParser ]
	Testing the success rate of robot robotfiles/man1.zae 

 INFO   [ LINE 1215 : inversekinematics.py : testik ]
	
  STATISTICS          #  
-----------------------------
             TEST  1000
          SUCCESS   998
          FAILURE     0
                      %  
-----------------------------
          SUCCESS  99.8
          FAILURE   0.0
          NO SOLN   0.2
     MISSING SOLN   2.7

 INFO   [ LINE 988 : inversekinematics.py : generate ]
	IK_COLLECTION :: WRONG_IKTYPE robotfiles/neuronics-katana.zae

 INFO   [ LINE 1002 : inversekinematics.py : generate ]
	IK_COLLECTION :: RIGHT_IKTYPE robotfiles/pa10schunk.robot.xml

 INFO   [ LINE 1012 : inversekinematics.py : generate ]
	Generating inverse kinematics for manip arm: Transform6D [0, 1, 3, 4, 5, 6], precision = 8, maxcasedepth = 3 (this might take up to 10 min)

 INFO   [ LINE 1020 : inversekinematics.py : generate ]
	Creating IK file /private/cache/openrave/kinematics.a880a8d13e2c46e5d0cd99a17f516b86/ikfast0x1000004a.Transform6D.0_1_3_4_5_6_f2.cpp

 INFO   [ LINE 1086 : inversekinematics.py : generate ]
	Successfully generated C++ IK file in 30.033690s
        file = /private/cache/openrave/kinematics.a880a8d13e2c46e5d0cd99a17f516b86/ikfast0x1000004a.Transform6D.0_1_3_4_5_6_f2.cpp

 INFO   [ LINE 1092 : inversekinematics.py : generate ]
	Compiling C++ IK file to /private/cache/openrave/kinematics.a880a8d13e2c46e5d0cd99a17f516b86/ikfast0x1000004a.Transform6D.x86_64.0_1_3_4_5_6_f2.so

 INFO   [ LINE 358 : inversekinematics.py : save ]
	IK generation is done
        Shared object created: /private/cache/openrave/kinematics.a880a8d13e2c46e5d0cd99a17f516b86/ikfast0x1000004a.Transform6D.x86_64.0_1_3_4_5_6_f2.so

 INFO   [ LINE 1378 : inversekinematics.py : RunFromParser ]
	Testing the success rate of robot robotfiles/pa10schunk.robot.xml 

 INFO   [ LINE 1215 : inversekinematics.py : testik ]
	
  STATISTICS          #  
-----------------------------
             TEST  1000
          SUCCESS  1000
          FAILURE     0
                      %  
-----------------------------
          SUCCESS 100.0
          FAILURE   0.0
          NO SOLN   0.0
     MISSING SOLN  25.0

 INFO   [ LINE 988 : inversekinematics.py : generate ]
	IK_COLLECTION :: WRONG_IKTYPE robotfiles/pr2-beta-sim.robot.xml

 INFO   [ LINE 988 : inversekinematics.py : generate ]
	IK_COLLECTION :: WRONG_IKTYPE robotfiles/pr2-beta-static.zae

 INFO   [ LINE 1002 : inversekinematics.py : generate ]
	IK_COLLECTION :: RIGHT_IKTYPE robotfiles/pumaarm.zae

 INFO   [ LINE 1012 : inversekinematics.py : generate ]
	Generating inverse kinematics for manip arm_nogripper: Transform6D [0, 1, 2, 3, 4, 5], precision = 8, maxcasedepth = 3 (this might take up to 10 min)

 INFO   [ LINE 1020 : inversekinematics.py : generate ]
	Creating IK file /private/cache/openrave/kinematics.a6c70e6dd694838553470dde754d5825/ikfast0x1000004a.Transform6D.0_1_2_3_4_5.cpp

 INFO   [ LINE 1086 : inversekinematics.py : generate ]
	Successfully generated C++ IK file in 22.668148s
        file = /private/cache/openrave/kinematics.a6c70e6dd694838553470dde754d5825/ikfast0x1000004a.Transform6D.0_1_2_3_4_5.cpp

 INFO   [ LINE 1092 : inversekinematics.py : generate ]
	Compiling C++ IK file to /private/cache/openrave/kinematics.a6c70e6dd694838553470dde754d5825/ikfast0x1000004a.Transform6D.x86_64.0_1_2_3_4_5.so

 INFO   [ LINE 358 : inversekinematics.py : save ]
	IK generation is done
        Shared object created: /private/cache/openrave/kinematics.a6c70e6dd694838553470dde754d5825/ikfast0x1000004a.Transform6D.x86_64.0_1_2_3_4_5.so

 INFO   [ LINE 1378 : inversekinematics.py : RunFromParser ]
	Testing the success rate of robot robotfiles/pumaarm.zae 

 INFO   [ LINE 1215 : inversekinematics.py : testik ]
	
  STATISTICS          #  
-----------------------------
             TEST  1000
          SUCCESS  1000
          FAILURE     0
                      %  
-----------------------------
          SUCCESS 100.0
          FAILURE   0.0
          NO SOLN   0.0
     MISSING SOLN  34.7

 INFO   [ LINE 1002 : inversekinematics.py : generate ]
	IK_COLLECTION :: RIGHT_IKTYPE robotfiles/pumabarrett.robot.xml

 INFO   [ LINE 1012 : inversekinematics.py : generate ]
	Generating inverse kinematics for manip arm: Transform6D [0, 1, 2, 3, 4, 5], precision = 8, maxcasedepth = 3 (this might take up to 10 min)

 INFO   [ LINE 1020 : inversekinematics.py : generate ]
	Creating IK file /private/cache/openrave/kinematics.a6c70e6dd694838553470dde754d5825/ikfast0x1000004a.Transform6D.0_1_2_3_4_5.cpp

 INFO   [ LINE 1086 : inversekinematics.py : generate ]
	Successfully generated C++ IK file in 22.222066s
        file = /private/cache/openrave/kinematics.a6c70e6dd694838553470dde754d5825/ikfast0x1000004a.Transform6D.0_1_2_3_4_5.cpp

 INFO   [ LINE 1092 : inversekinematics.py : generate ]
	Compiling C++ IK file to /private/cache/openrave/kinematics.a6c70e6dd694838553470dde754d5825/ikfast0x1000004a.Transform6D.x86_64.0_1_2_3_4_5.so

 INFO   [ LINE 358 : inversekinematics.py : save ]
	IK generation is done
        Shared object created: /private/cache/openrave/kinematics.a6c70e6dd694838553470dde754d5825/ikfast0x1000004a.Transform6D.x86_64.0_1_2_3_4_5.so

 INFO   [ LINE 1378 : inversekinematics.py : RunFromParser ]
	Testing the success rate of robot robotfiles/pumabarrett.robot.xml 

 INFO   [ LINE 1215 : inversekinematics.py : testik ]
	
  STATISTICS          #  
-----------------------------
             TEST  1000
          SUCCESS  1000
          FAILURE     0
                      %  
-----------------------------
          SUCCESS 100.0
          FAILURE   0.0
          NO SOLN   0.0
     MISSING SOLN  32.4

 INFO   [ LINE 988 : inversekinematics.py : generate ]
	IK_COLLECTION :: WRONG_IKTYPE robotfiles/pumagripper.zae

 INFO   [ LINE 1002 : inversekinematics.py : generate ]
	IK_COLLECTION :: RIGHT_IKTYPE robotfiles/puma.robot.xml

 INFO   [ LINE 1012 : inversekinematics.py : generate ]
	Generating inverse kinematics for manip arm: Transform6D [0, 1, 2, 3, 4, 5], precision = 8, maxcasedepth = 3 (this might take up to 10 min)

 INFO   [ LINE 1020 : inversekinematics.py : generate ]
	Creating IK file /private/cache/openrave/kinematics.a6c70e6dd694838553470dde754d5825/ikfast0x1000004a.Transform6D.0_1_2_3_4_5.cpp

 INFO   [ LINE 1086 : inversekinematics.py : generate ]
	Successfully generated C++ IK file in 22.001158s
        file = /private/cache/openrave/kinematics.a6c70e6dd694838553470dde754d5825/ikfast0x1000004a.Transform6D.0_1_2_3_4_5.cpp

 INFO   [ LINE 1092 : inversekinematics.py : generate ]
	Compiling C++ IK file to /private/cache/openrave/kinematics.a6c70e6dd694838553470dde754d5825/ikfast0x1000004a.Transform6D.x86_64.0_1_2_3_4_5.so

 INFO   [ LINE 358 : inversekinematics.py : save ]
	IK generation is done
        Shared object created: /private/cache/openrave/kinematics.a6c70e6dd694838553470dde754d5825/ikfast0x1000004a.Transform6D.x86_64.0_1_2_3_4_5.so

 INFO   [ LINE 1378 : inversekinematics.py : RunFromParser ]
	Testing the success rate of robot robotfiles/puma.robot.xml 

 INFO   [ LINE 1215 : inversekinematics.py : testik ]
	
  STATISTICS          #  
-----------------------------
             TEST  1000
          SUCCESS  1000
          FAILURE     0
                      %  
-----------------------------
          SUCCESS 100.0
          FAILURE   0.0
          NO SOLN   0.0
     MISSING SOLN  32.0

 INFO   [ LINE 1002 : inversekinematics.py : generate ]
	IK_COLLECTION :: RIGHT_IKTYPE robotfiles/robots_kawada-hironx.zae

 INFO   [ LINE 1012 : inversekinematics.py : generate ]
	Generating inverse kinematics for manip rightarm: Transform6D [3, 4, 5, 6, 7, 8], precision = 8, maxcasedepth = 3 (this might take up to 10 min)

 INFO   [ LINE 1020 : inversekinematics.py : generate ]
	Creating IK file /private/cache/openrave/kinematics.556b5a549250b91dd9b64142ef6fb205/ikfast0x1000004a.Transform6D.3_4_5_6_7_8.cpp

 INFO   [ LINE 1086 : inversekinematics.py : generate ]
	Successfully generated C++ IK file in 372.444091s
        file = /private/cache/openrave/kinematics.556b5a549250b91dd9b64142ef6fb205/ikfast0x1000004a.Transform6D.3_4_5_6_7_8.cpp

 INFO   [ LINE 1092 : inversekinematics.py : generate ]
	Compiling C++ IK file to /private/cache/openrave/kinematics.556b5a549250b91dd9b64142ef6fb205/ikfast0x1000004a.Transform6D.x86_64.3_4_5_6_7_8.so

 INFO   [ LINE 358 : inversekinematics.py : save ]
	IK generation is done
        Shared object created: /private/cache/openrave/kinematics.556b5a549250b91dd9b64142ef6fb205/ikfast0x1000004a.Transform6D.x86_64.3_4_5_6_7_8.so

 INFO   [ LINE 1378 : inversekinematics.py : RunFromParser ]
	Testing the success rate of robot robotfiles/robots_kawada-hironx.zae 

 INFO   [ LINE 1215 : inversekinematics.py : testik ]
	
  STATISTICS          #  
-----------------------------
             TEST  1000
          SUCCESS   960
          FAILURE     0
                      %  
-----------------------------
          SUCCESS  96.0
          FAILURE   0.0
          NO SOLN   4.0
     MISSING SOLN   2.0

 INFO   [ LINE 988 : inversekinematics.py : generate ]
	IK_COLLECTION :: WRONG_IKTYPE robotfiles/robots_kuka-youbot.zae

 INFO   [ LINE 1002 : inversekinematics.py : generate ]
	IK_COLLECTION :: RIGHT_IKTYPE robotfiles/robots_mitsubishi-pa10.zae

 INFO   [ LINE 1012 : inversekinematics.py : generate ]
	Generating inverse kinematics for manip arm_nogripper: Transform6D [0, 1, 3, 4, 5, 6], precision = 8, maxcasedepth = 3 (this might take up to 10 min)

 INFO   [ LINE 1020 : inversekinematics.py : generate ]
	Creating IK file /private/cache/openrave/kinematics.1327c54bf609b286bd81f3d4c134a061/ikfast0x1000004a.Transform6D.0_1_3_4_5_6_f2.cpp

 INFO   [ LINE 1086 : inversekinematics.py : generate ]
	Successfully generated C++ IK file in 29.248116s
        file = /private/cache/openrave/kinematics.1327c54bf609b286bd81f3d4c134a061/ikfast0x1000004a.Transform6D.0_1_3_4_5_6_f2.cpp

 INFO   [ LINE 1092 : inversekinematics.py : generate ]
	Compiling C++ IK file to /private/cache/openrave/kinematics.1327c54bf609b286bd81f3d4c134a061/ikfast0x1000004a.Transform6D.x86_64.0_1_3_4_5_6_f2.so

 INFO   [ LINE 358 : inversekinematics.py : save ]
	IK generation is done
        Shared object created: /private/cache/openrave/kinematics.1327c54bf609b286bd81f3d4c134a061/ikfast0x1000004a.Transform6D.x86_64.0_1_3_4_5_6_f2.so

 INFO   [ LINE 1378 : inversekinematics.py : RunFromParser ]
	Testing the success rate of robot robotfiles/robots_mitsubishi-pa10.zae 

 INFO   [ LINE 1215 : inversekinematics.py : testik ]
	
  STATISTICS          #  
-----------------------------
             TEST  1000
          SUCCESS  1000
          FAILURE     0
                      %  
-----------------------------
          SUCCESS 100.0
          FAILURE   0.0
          NO SOLN   0.0
     MISSING SOLN  27.9

 INFO   [ LINE 988 : inversekinematics.py : generate ]
	IK_COLLECTION :: WRONG_IKTYPE robotfiles/robots_neuronics-katana.zae

 INFO   [ LINE 1002 : inversekinematics.py : generate ]
	IK_COLLECTION :: RIGHT_IKTYPE robotfiles/robots_schunk-lwa3.zae

 INFO   [ LINE 1012 : inversekinematics.py : generate ]
	Generating inverse kinematics for manip arm_nogripper: Transform6D [0, 1, 3, 4, 5, 6], precision = 8, maxcasedepth = 3 (this might take up to 10 min)

 INFO   [ LINE 1020 : inversekinematics.py : generate ]
	Creating IK file /private/cache/openrave/kinematics.f1b4ece80cdeeec66467d9998ec73679/ikfast0x1000004a.Transform6D.0_1_3_4_5_6_f2.cpp

 INFO   [ LINE 1086 : inversekinematics.py : generate ]
	Successfully generated C++ IK file in 46.305337s
        file = /private/cache/openrave/kinematics.f1b4ece80cdeeec66467d9998ec73679/ikfast0x1000004a.Transform6D.0_1_3_4_5_6_f2.cpp

 INFO   [ LINE 1092 : inversekinematics.py : generate ]
	Compiling C++ IK file to /private/cache/openrave/kinematics.f1b4ece80cdeeec66467d9998ec73679/ikfast0x1000004a.Transform6D.x86_64.0_1_3_4_5_6_f2.so

 INFO   [ LINE 358 : inversekinematics.py : save ]
	IK generation is done
        Shared object created: /private/cache/openrave/kinematics.f1b4ece80cdeeec66467d9998ec73679/ikfast0x1000004a.Transform6D.x86_64.0_1_3_4_5_6_f2.so

 INFO   [ LINE 1378 : inversekinematics.py : RunFromParser ]
	Testing the success rate of robot robotfiles/robots_schunk-lwa3.zae 

 INFO   [ LINE 1215 : inversekinematics.py : testik ]
	
  STATISTICS          #  
-----------------------------
             TEST  1000
          SUCCESS  1000
          FAILURE     0
                      %  
-----------------------------
          SUCCESS 100.0
          FAILURE   0.0
          NO SOLN   0.0
     MISSING SOLN   6.8

 INFO   [ LINE 988 : inversekinematics.py : generate ]
	IK_COLLECTION :: WRONG_IKTYPE robotfiles/robots_shadow-hand.zae

 INFO   [ LINE 988 : inversekinematics.py : generate ]
	IK_COLLECTION :: WRONG_IKTYPE robotfiles/romela-darwin-op.zae

 INFO   [ LINE 988 : inversekinematics.py : generate ]
	IK_COLLECTION :: WRONG_IKTYPE robotfiles/rotation_stage.zae

 INFO   [ LINE 1002 : inversekinematics.py : generate ]
	IK_COLLECTION :: RIGHT_IKTYPE robotfiles/schunk-lwa3-dual.robot.xml

 INFO   [ LINE 1012 : inversekinematics.py : generate ]
	Generating inverse kinematics for manip rightarm: Transform6D [7, 8, 10, 11, 12, 13], precision = 8, maxcasedepth = 3 (this might take up to 10 min)

 INFO   [ LINE 1020 : inversekinematics.py : generate ]
	Creating IK file /private/cache/openrave/kinematics.f1b4ece80cdeeec66467d9998ec73679/ikfast0x1000004a.Transform6D.7_8_10_11_12_13_f9.cpp

 INFO   [ LINE 1086 : inversekinematics.py : generate ]
	Successfully generated C++ IK file in 46.798652s
        file = /private/cache/openrave/kinematics.f1b4ece80cdeeec66467d9998ec73679/ikfast0x1000004a.Transform6D.7_8_10_11_12_13_f9.cpp

 INFO   [ LINE 1092 : inversekinematics.py : generate ]
	Compiling C++ IK file to /private/cache/openrave/kinematics.f1b4ece80cdeeec66467d9998ec73679/ikfast0x1000004a.Transform6D.x86_64.7_8_10_11_12_13_f9.so

 INFO   [ LINE 358 : inversekinematics.py : save ]
	IK generation is done
        Shared object created: /private/cache/openrave/kinematics.f1b4ece80cdeeec66467d9998ec73679/ikfast0x1000004a.Transform6D.x86_64.7_8_10_11_12_13_f9.so

 INFO   [ LINE 1378 : inversekinematics.py : RunFromParser ]
	Testing the success rate of robot robotfiles/schunk-lwa3-dual.robot.xml 

 INFO   [ LINE 1215 : inversekinematics.py : testik ]
	
  STATISTICS          #  
-----------------------------
             TEST  1000
          SUCCESS   998
          FAILURE     0
                      %  
-----------------------------
          SUCCESS  99.8
          FAILURE   0.0
          NO SOLN   0.2
     MISSING SOLN   4.4

 INFO   [ LINE 248 : __init__.py : InitializeFromParser ]
	IK_COLLECTION :: NO_ROBOT robotfiles/schunk_manip.kinbody.xml

 INFO   [ LINE 988 : inversekinematics.py : generate ]
	IK_COLLECTION :: WRONG_IKTYPE robotfiles/schunk_manip.robot.xml

 INFO   [ LINE 282 : inversekinematics.py : __init__ ]
	IK_COLLECTION :: NONE_MANIP robotfiles/schunk-sdh.zae

 INFO   [ LINE 1002 : inversekinematics.py : generate ]
	IK_COLLECTION :: RIGHT_IKTYPE robotfiles/testik0.zae

 INFO   [ LINE 1012 : inversekinematics.py : generate ]
	Generating inverse kinematics for manip arm: Transform6D [0, 1, 2, 3, 4, 5], precision = 8, maxcasedepth = 3 (this might take up to 10 min)

 INFO   [ LINE 1020 : inversekinematics.py : generate ]
	Creating IK file /private/cache/openrave/kinematics.88a87643b02f2686071679b9c1fd8a88/ikfast0x1000004a.Transform6D.0_1_2_3_4_5.cpp

 INFO   [ LINE 1086 : inversekinematics.py : generate ]
	Successfully generated C++ IK file in 19.293649s
        file = /private/cache/openrave/kinematics.88a87643b02f2686071679b9c1fd8a88/ikfast0x1000004a.Transform6D.0_1_2_3_4_5.cpp

 INFO   [ LINE 1092 : inversekinematics.py : generate ]
	Compiling C++ IK file to /private/cache/openrave/kinematics.88a87643b02f2686071679b9c1fd8a88/ikfast0x1000004a.Transform6D.x86_64.0_1_2_3_4_5.so

 INFO   [ LINE 358 : inversekinematics.py : save ]
	IK generation is done
        Shared object created: /private/cache/openrave/kinematics.88a87643b02f2686071679b9c1fd8a88/ikfast0x1000004a.Transform6D.x86_64.0_1_2_3_4_5.so

 INFO   [ LINE 1378 : inversekinematics.py : RunFromParser ]
	Testing the success rate of robot robotfiles/testik0.zae 

 INFO   [ LINE 1215 : inversekinematics.py : testik ]
	
  STATISTICS          #  
-----------------------------
             TEST  1000
          SUCCESS  1000
          FAILURE     0
                      %  
-----------------------------
          SUCCESS 100.0
          FAILURE   0.0
          NO SOLN   0.0
     MISSING SOLN  74.0

 INFO   [ LINE 988 : inversekinematics.py : generate ]
	IK_COLLECTION :: WRONG_IKTYPE robotfiles/tridof.robot.xml

 INFO   [ LINE 1002 : inversekinematics.py : generate ]
	IK_COLLECTION :: RIGHT_IKTYPE robotfiles/unimation-pumaarm.zae

 INFO   [ LINE 1012 : inversekinematics.py : generate ]
	Generating inverse kinematics for manip arm_nogripper: Transform6D [0, 1, 2, 3, 4, 5], precision = 8, maxcasedepth = 3 (this might take up to 10 min)

 INFO   [ LINE 1020 : inversekinematics.py : generate ]
	Creating IK file /private/cache/openrave/kinematics.a6c70e6dd694838553470dde754d5825/ikfast0x1000004a.Transform6D.0_1_2_3_4_5.cpp

 INFO   [ LINE 1086 : inversekinematics.py : generate ]
	Successfully generated C++ IK file in 22.135087s
        file = /private/cache/openrave/kinematics.a6c70e6dd694838553470dde754d5825/ikfast0x1000004a.Transform6D.0_1_2_3_4_5.cpp

 INFO   [ LINE 1092 : inversekinematics.py : generate ]
	Compiling C++ IK file to /private/cache/openrave/kinematics.a6c70e6dd694838553470dde754d5825/ikfast0x1000004a.Transform6D.x86_64.0_1_2_3_4_5.so

 INFO   [ LINE 358 : inversekinematics.py : save ]
	IK generation is done
        Shared object created: /private/cache/openrave/kinematics.a6c70e6dd694838553470dde754d5825/ikfast0x1000004a.Transform6D.x86_64.0_1_2_3_4_5.so

 INFO   [ LINE 1378 : inversekinematics.py : RunFromParser ]
	Testing the success rate of robot robotfiles/unimation-pumaarm.zae 

 INFO   [ LINE 1215 : inversekinematics.py : testik ]
	
  STATISTICS          #  
-----------------------------
             TEST  1000
          SUCCESS  1000
          FAILURE     0
                      %  
-----------------------------
          SUCCESS 100.0
          FAILURE   0.0
          NO SOLN   0.0
     MISSING SOLN  30.2

 INFO   [ LINE 1002 : inversekinematics.py : generate ]
	IK_COLLECTION :: RIGHT_IKTYPE robotfiles/universalrobots-ur6-85-5-a.zae

 INFO   [ LINE 1012 : inversekinematics.py : generate ]
	Generating inverse kinematics for manip arm: Transform6D [0, 1, 2, 3, 4, 5], precision = 8, maxcasedepth = 3 (this might take up to 10 min)

 INFO   [ LINE 1020 : inversekinematics.py : generate ]
	Creating IK file /private/cache/openrave/kinematics.c8f3877daab9ad5979dfad442c2c28f5/ikfast0x1000004a.Transform6D.0_1_2_3_4_5.cpp

 INFO   [ LINE 1086 : inversekinematics.py : generate ]
	Successfully generated C++ IK file in 67.047564s
        file = /private/cache/openrave/kinematics.c8f3877daab9ad5979dfad442c2c28f5/ikfast0x1000004a.Transform6D.0_1_2_3_4_5.cpp

 INFO   [ LINE 1092 : inversekinematics.py : generate ]
	Compiling C++ IK file to /private/cache/openrave/kinematics.c8f3877daab9ad5979dfad442c2c28f5/ikfast0x1000004a.Transform6D.x86_64.0_1_2_3_4_5.so

 INFO   [ LINE 358 : inversekinematics.py : save ]
	IK generation is done
        Shared object created: /private/cache/openrave/kinematics.c8f3877daab9ad5979dfad442c2c28f5/ikfast0x1000004a.Transform6D.x86_64.0_1_2_3_4_5.so

 INFO   [ LINE 1378 : inversekinematics.py : RunFromParser ]
	Testing the success rate of robot robotfiles/universalrobots-ur6-85-5-a.zae 

 INFO   [ LINE 1215 : inversekinematics.py : testik ]
	
  STATISTICS          #  
-----------------------------
             TEST  1000
          SUCCESS   987
          FAILURE     0
                      %  
-----------------------------
          SUCCESS  98.7
          FAILURE   0.0
          NO SOLN   1.3
     MISSING SOLN  94.8

 INFO   [ LINE 248 : __init__.py : InitializeFromParser ]
	IK_COLLECTION :: NO_ROBOT robotfiles/wam4.kinbody.xml

 INFO   [ LINE 248 : __init__.py : InitializeFromParser ]
	IK_COLLECTION :: NO_ROBOT robotfiles/wam7.kinbody.xml

 INFO   [ LINE 248 : __init__.py : InitializeFromParser ]
	IK_COLLECTION :: NO_ROBOT robotfiles/weldinggun.zae

 INFO   [ LINE 248 : __init__.py : InitializeFromParser ]
	IK_COLLECTION :: NO_ROBOT robotfiles/zange.zae

 INFO   [ LINE 1002 : inversekinematics.py : generate ]
	IK_COLLECTION :: RIGHT_IKTYPE robotfiles/neuronics-katana.zae

 INFO   [ LINE 1012 : inversekinematics.py : generate ]
	Generating inverse kinematics for manip arm: TranslationDirection5D [0, 1, 2, 3, 4], precision = 8, maxcasedepth = 3 (this might take up to 10 min)

 INFO   [ LINE 1020 : inversekinematics.py : generate ]
	Creating IK file /private/cache/openrave/kinematics.ab9d03903279e44bc692e896791bcd05/ikfast0x1000004a.TranslationDirection5D.0_1_2_3_4.cpp

 INFO   [ LINE 1086 : inversekinematics.py : generate ]
	Successfully generated C++ IK file in 466.152875s
        file = /private/cache/openrave/kinematics.ab9d03903279e44bc692e896791bcd05/ikfast0x1000004a.TranslationDirection5D.0_1_2_3_4.cpp

 INFO   [ LINE 1092 : inversekinematics.py : generate ]
	Compiling C++ IK file to /private/cache/openrave/kinematics.ab9d03903279e44bc692e896791bcd05/ikfast0x1000004a.TranslationDirection5D.x86_64.0_1_2_3_4.so

 INFO   [ LINE 358 : inversekinematics.py : save ]
	IK generation is done
        Shared object created: /private/cache/openrave/kinematics.ab9d03903279e44bc692e896791bcd05/ikfast0x1000004a.TranslationDirection5D.x86_64.0_1_2_3_4.so

 INFO   [ LINE 1378 : inversekinematics.py : RunFromParser ]
	Testing the success rate of robot robotfiles/neuronics-katana.zae 

 INFO   [ LINE 1215 : inversekinematics.py : testik ]
	
  STATISTICS          #  
-----------------------------
             TEST  1000
          SUCCESS   918
          FAILURE     0
                      %  
-----------------------------
          SUCCESS  91.8
          FAILURE   0.0
          NO SOLN   8.2
     MISSING SOLN   6.3

